Starting parse
Entering state 0
Stack now 0
Reducing stack by rule 1 (line 100):
-> $$ = nterm program ()
Entering state 1
Stack now 0 1
Reading a token
Next token is token IDENTIFIER ()
Shifting token IDENTIFIER ()
Entering state 9
Stack now 0 1 9
Reading a token
Next token is token ASSIGN ()
Shifting token ASSIGN ()
Entering state 25
Stack now 0 1 9 25
Reading a token
Next token is token NUMBER ()
Shifting token NUMBER ()
Entering state 16
Stack now 0 1 9 25 16
Reducing stack by rule 26 (line 264):
   $1 = token NUMBER ()
-> $$ = nterm term ()
Entering state 21
Stack now 0 1 9 25 21
Reducing stack by rule 25 (line 258):
   $1 = nterm term ()
-> $$ = nterm expr_mul ()
Entering state 20
Stack now 0 1 9 25 20
Reading a token
Next token is token WHILE ()
Reducing stack by rule 22 (line 237):
   $1 = nterm expr_mul ()
-> $$ = nterm expr_add ()
Entering state 19
Stack now 0 1 9 25 19
Next token is token WHILE ()
Reducing stack by rule 19 (line 217):
   $1 = nterm expr_add ()
-> $$ = nterm expression ()
Entering state 32
Stack now 0 1 9 25 32
Reducing stack by rule 7 (line 115):
   $1 = token IDENTIFIER ()
   $2 = token ASSIGN ()
   $3 = nterm expression ()
-> $$ = nterm assignment ()
Entering state 11
Stack now 0 1 11
Reducing stack by rule 3 (line 107):
   $1 = nterm assignment ()
-> $$ = nterm statement ()
Entering state 10
Stack now 0 1 10
Reducing stack by rule 2 (line 102):
   $1 = nterm program ()
   $2 = nterm statement ()
-> $$ = nterm program ()
Entering state 1
Stack now 0 1
Next token is token WHILE ()
Shifting token WHILE ()
Entering state 4
Stack now 0 1 4
Reducing stack by rule 10 (line 164):
-> $$ = nterm $@1 ()
Entering state 22
Stack now 0 1 4 22
Reading a token
Next token is token IDENTIFIER ()
Shifting token IDENTIFIER ()
Entering state 15
Stack now 0 1 4 22 15
Reducing stack by rule 27 (line 270):
   $1 = token IDENTIFIER ()
-> $$ = nterm term ()
Entering state 21
Stack now 0 1 4 22 21
Reducing stack by rule 25 (line 258):
   $1 = nterm term ()
-> $$ = nterm expr_mul ()
Entering state 20
Stack now 0 1 4 22 20
Reading a token
Next token is token "invalid token" ()
Reducing stack by rule 22 (line 237):
   $1 = nterm expr_mul ()
-> $$ = nterm expr_add ()
Entering state 19
Stack now 0 1 4 22 19
Next token is token "invalid token" ()
Reducing stack by rule 19 (line 217):
   $1 = nterm expr_add ()
-> $$ = nterm expression ()
Entering state 31
Stack now 0 1 4 22 31
Reducing stack by rule 11 (line 172):
-> $$ = nterm $@2 ()
Entering state 38
Stack now 0 1 4 22 31 38
Next token is token "invalid token" ()
Erro (linha 1): syntax error
Error: popping nterm $@2 ()
Stack now 0 1 4 22 31
Error: popping nterm expression ()
Stack now 0 1 4 22
Error: popping nterm $@1 ()
Stack now 0 1 4
Error: popping token WHILE ()
Stack now 0 1
Error: popping nterm program ()
Stack now 0
Cleanup: discarding lookahead token "invalid token" ()
Stack now 0
[ERRO] parse falhou. Arquivo de saída não será escrito.
